INFO 2023-01-03 20:19:27,199 autoreload 13864 16168 Watching for file changes with StatReloader
INFO 2023-01-03 20:24:11,136 autoreload 12564 15052 Watching for file changes with StatReloader
WARNING 2023-01-03 20:24:20,950 log 12564 15580 Not Found: /
WARNING 2023-01-03 20:24:20,962 basehttp 12564 15580 "GET / HTTP/1.1" 404 12228
INFO 2023-01-03 20:24:21,071 basehttp 12564 15580 "GET /static/debug_toolbar/js/toolbar.js HTTP/1.1" 304 0
INFO 2023-01-03 20:24:21,088 basehttp 12564 15580 "GET /static/debug_toolbar/css/toolbar.css HTTP/1.1" 304 0
INFO 2023-01-03 20:24:21,338 basehttp 12564 15580 "GET /static/debug_toolbar/css/print.css HTTP/1.1" 304 0
INFO 2023-01-03 20:24:21,562 basehttp 12564 15580 "GET /static/debug_toolbar/js/utils.js HTTP/1.1" 304 0
WARNING 2023-01-03 20:24:22,623 log 12564 15580 Not Found: /favicon.ico
WARNING 2023-01-03 20:24:22,626 basehttp 12564 15580 "GET /favicon.ico HTTP/1.1" 404 12289
INFO 2023-01-03 20:25:22,445 autoreload 12564 15052 C:\Users\stefa\Documents\clarusway-FS-DE-03\django\class-notes\013_FlightAppSetup\main\settings\base.py changed, reloading.
INFO 2023-01-03 20:25:24,083 autoreload 1388 14764 Watching for file changes with StatReloader
INFO 2023-01-03 20:25:34,239 autoreload 13992 6128 Watching for file changes with StatReloader
WARNING 2023-01-03 20:25:38,434 log 13992 9552 Not Found: /
WARNING 2023-01-03 20:25:38,437 basehttp 13992 9552 "GET / HTTP/1.1" 404 12227
INFO 2023-01-03 20:26:01,474 autoreload 13992 6128 C:\Users\stefa\Documents\clarusway-FS-DE-03\django\class-notes\013_FlightAppSetup\main\settings\base.py changed, reloading.
INFO 2023-01-03 20:26:02,745 autoreload 9928 2956 Watching for file changes with StatReloader
INFO 2023-01-03 21:29:55,124 autoreload 13176 1100 Watching for file changes with StatReloader
INFO 2023-01-03 21:44:44,872 autoreload 3756 4992 Watching for file changes with StatReloader
WARNING 2023-01-03 21:44:49,078 log 3756 3632 Not Found: /
WARNING 2023-01-03 21:44:49,084 basehttp 3756 3632 "GET / HTTP/1.1" 404 12334
WARNING 2023-01-03 21:44:50,314 log 3756 3632 Not Found: /favicon.ico
WARNING 2023-01-03 21:44:50,315 basehttp 3756 3632 "GET /favicon.ico HTTP/1.1" 404 12395
WARNING 2023-01-03 21:45:05,745 log 3756 3632 Not Found: /users/auth/
WARNING 2023-01-03 21:45:05,749 basehttp 3756 3632 "GET /users/auth/ HTTP/1.1" 404 13749
WARNING 2023-01-03 21:45:26,249 log 3756 3632 Method Not Allowed: /users/auth/login/
WARNING 2023-01-03 21:45:26,251 basehttp 3756 3632 "GET /users/auth/login/ HTTP/1.1" 405 17762
INFO 2023-01-03 21:45:26,437 basehttp 3756 12336 "GET /static/rest_framework/css/bootstrap-tweaks.css HTTP/1.1" 200 3385
INFO 2023-01-03 21:45:26,488 basehttp 3756 12336 "GET /static/rest_framework/js/csrf.js HTTP/1.1" 200 1719
INFO 2023-01-03 21:45:26,512 basehttp 3756 10116 "GET /static/rest_framework/css/default.css HTTP/1.1" 200 1152
INFO 2023-01-03 21:45:26,548 basehttp 3756 12336 "GET /static/rest_framework/js/prettify-min.js HTTP/1.1" 200 13632
INFO 2023-01-03 21:45:26,557 basehttp 3756 10116 "GET /static/rest_framework/js/default.js HTTP/1.1" 200 1268
INFO 2023-01-03 21:45:26,567 basehttp 3756 3632 "GET /static/rest_framework/css/bootstrap.min.css HTTP/1.1" 200 121457
INFO 2023-01-03 21:45:26,571 basehttp 3756 9328 "GET /static/rest_framework/css/prettify.css HTTP/1.1" 200 817
INFO 2023-01-03 21:45:26,601 basehttp 3756 5228 "GET /static/rest_framework/js/ajax-form.js HTTP/1.1" 200 3597
INFO 2023-01-03 21:45:26,626 basehttp 3756 12336 "GET /static/rest_framework/js/bootstrap.min.js HTTP/1.1" 200 39680
INFO 2023-01-03 21:45:26,641 basehttp 3756 9468 "GET /static/rest_framework/js/jquery-3.5.1.min.js HTTP/1.1" 200 89476
INFO 2023-01-03 21:45:26,678 basehttp 3756 12336 "GET /static/rest_framework/img/grid.png HTTP/1.1" 200 1458
INFO 2023-01-03 21:47:16,547 basehttp 3756 12336 "POST /users/auth/login/ HTTP/1.1" 200 17325
INFO 2023-01-03 21:47:16,601 basehttp 3756 12336 "GET /static/rest_framework/css/bootstrap.min.css HTTP/1.1" 304 0
INFO 2023-01-03 21:47:16,631 basehttp 3756 3632 "GET /static/rest_framework/js/jquery-3.5.1.min.js HTTP/1.1" 304 0
INFO 2023-01-03 21:47:16,631 basehttp 3756 12336 "GET /static/rest_framework/css/bootstrap-tweaks.css HTTP/1.1" 304 0
INFO 2023-01-03 21:47:16,632 basehttp 3756 9328 "GET /static/rest_framework/js/ajax-form.js HTTP/1.1" 304 0
INFO 2023-01-03 21:47:16,632 basehttp 3756 10116 "GET /static/rest_framework/js/csrf.js HTTP/1.1" 304 0
INFO 2023-01-03 21:47:16,632 basehttp 3756 5228 "GET /static/rest_framework/css/default.css HTTP/1.1" 304 0
INFO 2023-01-03 21:47:16,633 basehttp 3756 9468 "GET /static/rest_framework/css/prettify.css HTTP/1.1" 304 0
INFO 2023-01-03 21:47:16,671 basehttp 3756 3632 "GET /static/rest_framework/js/prettify-min.js HTTP/1.1" 304 0
INFO 2023-01-03 21:47:16,671 basehttp 3756 9328 "GET /static/rest_framework/js/default.js HTTP/1.1" 304 0
INFO 2023-01-03 21:47:16,672 basehttp 3756 12336 "GET /static/rest_framework/js/bootstrap.min.js HTTP/1.1" 304 0
INFO 2023-01-03 21:47:16,795 basehttp 3756 12336 "GET /static/rest_framework/img/grid.png HTTP/1.1" 304 0
INFO 2023-01-03 21:51:17,760 basehttp 3756 12336 "GET /users/auth/logout HTTP/1.1" 301 0
WARNING 2023-01-03 21:51:17,866 log 3756 12336 Method Not Allowed: /users/auth/logout/
WARNING 2023-01-03 21:51:17,868 basehttp 3756 12336 "GET /users/auth/logout/ HTTP/1.1" 405 16754
INFO 2023-01-03 21:51:17,925 basehttp 3756 12336 "GET /static/rest_framework/css/bootstrap.min.css HTTP/1.1" 304 0
INFO 2023-01-03 21:51:17,945 basehttp 3756 9468 "GET /static/rest_framework/js/jquery-3.5.1.min.js HTTP/1.1" 304 0
INFO 2023-01-03 21:51:17,946 basehttp 3756 5228 "GET /static/rest_framework/js/ajax-form.js HTTP/1.1" 304 0
INFO 2023-01-03 21:51:17,947 basehttp 3756 3632 "GET /static/rest_framework/css/default.css HTTP/1.1" 304 0
INFO 2023-01-03 21:51:17,955 basehttp 3756 12336 "GET /static/rest_framework/css/bootstrap-tweaks.css HTTP/1.1" 304 0
INFO 2023-01-03 21:51:17,955 basehttp 3756 10116 "GET /static/rest_framework/js/csrf.js HTTP/1.1" 304 0
INFO 2023-01-03 21:51:17,968 basehttp 3756 3632 "GET /static/rest_framework/js/bootstrap.min.js HTTP/1.1" 304 0
INFO 2023-01-03 21:51:17,972 basehttp 3756 9328 "GET /static/rest_framework/css/prettify.css HTTP/1.1" 304 0
INFO 2023-01-03 21:51:17,977 basehttp 3756 9468 "GET /static/rest_framework/js/prettify-min.js HTTP/1.1" 304 0
INFO 2023-01-03 21:51:17,978 basehttp 3756 5228 "GET /static/rest_framework/js/default.js HTTP/1.1" 304 0
INFO 2023-01-03 21:51:18,226 basehttp 3756 9468 "GET /static/rest_framework/img/grid.png HTTP/1.1" 304 0
INFO 2023-01-03 21:51:23,508 basehttp 3756 9468 "POST /users/auth/logout/ HTTP/1.1" 200 16725
INFO 2023-01-03 21:51:23,836 basehttp 3756 9468 "GET /__debug__/history_sidebar/?store_id=874c3e56ae69444f8a2fc553e70f204a HTTP/1.1" 200 9878
INFO 2023-01-03 22:04:34,561 autoreload 3756 4992 C:\Users\stefa\Documents\clarusway-FS-DE-03\django\projects\003_FlightReservationApp\users\urls.py changed, reloading.
INFO 2023-01-03 22:04:35,588 autoreload 14916 14008 Watching for file changes with StatReloader
INFO 2023-01-03 22:05:03,792 autoreload 14916 14008 C:\Users\stefa\Documents\clarusway-FS-DE-03\django\projects\003_FlightReservationApp\users\urls.py changed, reloading.
INFO 2023-01-03 22:05:04,739 autoreload 10924 12460 Watching for file changes with StatReloader
WARNING 2023-01-03 22:05:16,165 log 10924 12224 Not Found: /
WARNING 2023-01-03 22:05:16,169 basehttp 10924 12224 "GET / HTTP/1.1" 404 12333
INFO 2023-01-03 22:05:16,337 basehttp 10924 12224 "GET /static/debug_toolbar/css/toolbar.css HTTP/1.1" 200 12378
INFO 2023-01-03 22:05:16,342 basehttp 10924 14788 "GET /static/debug_toolbar/js/toolbar.js HTTP/1.1" 200 13404
INFO 2023-01-03 22:05:16,458 basehttp 10924 14788 "GET /static/debug_toolbar/css/print.css HTTP/1.1" 200 43
INFO 2023-01-03 22:05:16,610 basehttp 10924 14788 "GET /static/debug_toolbar/js/utils.js HTTP/1.1" 200 4527
WARNING 2023-01-03 22:05:17,173 log 10924 14788 Not Found: /favicon.ico
WARNING 2023-01-03 22:05:17,174 basehttp 10924 14788 "GET /favicon.ico HTTP/1.1" 404 12395
WARNING 2023-01-03 22:05:27,781 log 10924 14788 Method Not Allowed: /users/register/
WARNING 2023-01-03 22:05:27,782 basehttp 10924 14788 "GET /users/register/ HTTP/1.1" 405 17882
INFO 2023-01-03 22:05:27,834 basehttp 10924 12224 "GET /static/rest_framework/css/prettify.css HTTP/1.1" 200 817
INFO 2023-01-03 22:05:27,839 basehttp 10924 14296 "GET /static/rest_framework/css/bootstrap-tweaks.css HTTP/1.1" 200 3385
INFO 2023-01-03 22:05:27,841 basehttp 10924 14788 "GET /static/rest_framework/css/bootstrap.min.css HTTP/1.1" 200 121457
INFO 2023-01-03 22:05:27,863 basehttp 10924 12224 "GET /static/rest_framework/css/default.css HTTP/1.1" 200 1152
INFO 2023-01-03 22:05:27,865 basehttp 10924 14788 "GET /static/rest_framework/js/csrf.js HTTP/1.1" 200 1719
INFO 2023-01-03 22:05:27,875 basehttp 10924 12224 "GET /static/rest_framework/js/prettify-min.js HTTP/1.1" 200 13632
INFO 2023-01-03 22:05:27,876 basehttp 10924 14296 "GET /static/rest_framework/js/jquery-3.5.1.min.js HTTP/1.1" 200 89476
INFO 2023-01-03 22:05:27,879 basehttp 10924 14788 "GET /static/rest_framework/js/bootstrap.min.js HTTP/1.1" 200 39680
INFO 2023-01-03 22:05:27,891 basehttp 10924 12224 "GET /static/rest_framework/js/default.js HTTP/1.1" 200 1268
INFO 2023-01-03 22:05:27,892 basehttp 10924 14296 "GET /static/rest_framework/js/ajax-form.js HTTP/1.1" 200 3597
INFO 2023-01-03 22:05:28,079 basehttp 10924 14296 "GET /static/rest_framework/img/grid.png HTTP/1.1" 200 1458
INFO 2023-01-03 22:06:06,337 basehttp 10924 14296 "POST /users/register/ HTTP/1.1" 201 18025
INFO 2023-01-03 22:08:22,841 basehttp 10924 14296 "GET /admin HTTP/1.1" 301 0
INFO 2023-01-03 22:08:22,937 basehttp 10924 14296 "GET /admin/ HTTP/1.1" 302 0
INFO 2023-01-03 22:08:23,096 basehttp 10924 14296 "GET /admin/login/?next=/admin/ HTTP/1.1" 200 11914
INFO 2023-01-03 22:08:23,140 basehttp 10924 14296 "GET /static/admin/css/base.css HTTP/1.1" 200 20344
INFO 2023-01-03 22:08:23,150 basehttp 10924 14788 "GET /static/admin/css/dark_mode.css HTTP/1.1" 200 796
INFO 2023-01-03 22:08:23,160 basehttp 10924 12224 "GET /static/admin/css/login.css HTTP/1.1" 200 958
INFO 2023-01-03 22:08:23,170 basehttp 10924 12224 "GET /static/debug_toolbar/css/toolbar.css HTTP/1.1" 304 0
INFO 2023-01-03 22:08:23,176 basehttp 10924 14296 "GET /static/admin/css/nav_sidebar.css HTTP/1.1" 200 2619
INFO 2023-01-03 22:08:23,177 basehttp 10924 14788 "GET /static/admin/css/responsive.css HTTP/1.1" 200 18854
INFO 2023-01-03 22:08:23,329 basehttp 10924 14296 "GET /static/debug_toolbar/js/toolbar.js HTTP/1.1" 304 0
INFO 2023-01-03 22:08:23,330 basehttp 10924 12224 "GET /static/debug_toolbar/css/print.css HTTP/1.1" 304 0
INFO 2023-01-03 22:08:23,345 basehttp 10924 12224 "GET /static/admin/css/fonts.css HTTP/1.1" 200 423
INFO 2023-01-03 22:08:23,347 basehttp 10924 14788 "GET /static/admin/js/nav_sidebar.js HTTP/1.1" 200 3763
INFO 2023-01-03 22:08:23,436 basehttp 10924 14788 "GET /static/admin/fonts/Roboto-Regular-webfont.woff HTTP/1.1" 200 85876
INFO 2023-01-03 22:08:23,449 basehttp 10924 12224 "GET /static/admin/fonts/Roboto-Light-webfont.woff HTTP/1.1" 200 85692
INFO 2023-01-03 22:08:23,462 basehttp 10924 14788 "GET /static/debug_toolbar/js/utils.js HTTP/1.1" 304 0
INFO 2023-01-03 22:08:28,790 basehttp 10924 14788 "POST /admin/login/?next=/admin/ HTTP/1.1" 302 0
INFO 2023-01-03 22:08:29,070 basehttp 10924 14788 "GET /admin/ HTTP/1.1" 200 13939
INFO 2023-01-03 22:08:29,152 basehttp 10924 14788 "GET /static/admin/css/dashboard.css HTTP/1.1" 200 380
INFO 2023-01-03 22:08:29,319 basehttp 10924 14788 "GET /static/admin/img/icon-addlink.svg HTTP/1.1" 200 331
INFO 2023-01-03 22:08:29,321 basehttp 10924 12224 "GET /static/admin/img/icon-changelink.svg HTTP/1.1" 200 380
INFO 2023-01-03 22:08:29,380 basehttp 10924 12224 "GET /static/admin/fonts/Roboto-Bold-webfont.woff HTTP/1.1" 200 86184
INFO 2023-01-03 22:08:41,862 basehttp 10924 12224 "GET /admin/authtoken/tokenproxy/ HTTP/1.1" 200 16355
INFO 2023-01-03 22:08:41,951 basehttp 10924 14296 "GET /static/admin/js/jquery.init.js HTTP/1.1" 200 347
INFO 2023-01-03 22:08:41,958 basehttp 10924 4396 "GET /static/admin/js/admin/RelatedObjectLookups.js HTTP/1.1" 200 8985
INFO 2023-01-03 22:08:41,966 basehttp 10924 14968 "GET /static/admin/js/actions.js HTTP/1.1" 200 7872
INFO 2023-01-03 22:08:41,974 basehttp 10924 14296 "GET /static/admin/js/urlify.js HTTP/1.1" 200 7902
INFO 2023-01-03 22:08:41,991 basehttp 10924 4396 "GET /static/admin/js/prepopulate.js HTTP/1.1" 200 1531
INFO 2023-01-03 22:08:42,012 basehttp 10924 14788 "GET /static/admin/css/changelists.css HTTP/1.1" 200 6395
INFO 2023-01-03 22:08:42,017 basehttp 10924 10288 "GET /static/admin/js/core.js HTTP/1.1" 200 5698
INFO 2023-01-03 22:08:42,041 basehttp 10924 12224 "GET /static/admin/js/vendor/jquery/jquery.js HTTP/1.1" 200 288580
INFO 2023-01-03 22:08:42,162 basehttp 10924 14968 "GET /static/admin/js/vendor/xregexp/xregexp.js HTTP/1.1" 200 232381
INFO 2023-01-03 22:08:42,190 basehttp 10924 12224 "GET /static/admin/js/filters.js HTTP/1.1" 200 966
INFO 2023-01-03 22:08:42,367 basehttp 10924 12224 "GET /static/admin/img/tooltag-add.svg HTTP/1.1" 200 331
INFO 2023-01-03 22:08:42,370 basehttp 10924 14968 "GET /static/admin/img/sorting-icons.svg HTTP/1.1" 200 1097
WARNING 2023-01-03 22:10:25,410 log 10924 14968 Method Not Allowed: /users/auth/logout/
WARNING 2023-01-03 22:10:25,412 basehttp 10924 14968 "GET /users/auth/logout/ HTTP/1.1" 405 16754
INFO 2023-01-03 22:10:25,459 basehttp 10924 14968 "GET /static/rest_framework/css/bootstrap.min.css HTTP/1.1" 304 0
INFO 2023-01-03 22:10:25,469 basehttp 10924 14968 "GET /static/rest_framework/css/bootstrap-tweaks.css HTTP/1.1" 304 0
INFO 2023-01-03 22:10:25,538 basehttp 10924 10288 "GET /static/rest_framework/css/default.css HTTP/1.1" 304 0
INFO 2023-01-03 22:10:25,538 basehttp 10924 12224 "GET /static/rest_framework/css/prettify.css HTTP/1.1" 304 0
INFO 2023-01-03 22:10:25,538 basehttp 10924 14788 "GET /static/rest_framework/js/jquery-3.5.1.min.js HTTP/1.1" 304 0
INFO 2023-01-03 22:10:25,538 basehttp 10924 14968 "GET /static/rest_framework/js/bootstrap.min.js HTTP/1.1" 304 0
INFO 2023-01-03 22:10:25,538 basehttp 10924 4396 "GET /static/rest_framework/js/ajax-form.js HTTP/1.1" 304 0
INFO 2023-01-03 22:10:25,539 basehttp 10924 14296 "GET /static/rest_framework/js/csrf.js HTTP/1.1" 304 0
INFO 2023-01-03 22:10:25,545 basehttp 10924 12224 "GET /static/rest_framework/js/prettify-min.js HTTP/1.1" 304 0
INFO 2023-01-03 22:10:25,547 basehttp 10924 14788 "GET /static/rest_framework/js/default.js HTTP/1.1" 304 0
INFO 2023-01-03 22:10:25,760 basehttp 10924 14788 "GET /static/rest_framework/img/grid.png HTTP/1.1" 304 0
INFO 2023-01-03 22:10:30,364 basehttp 10924 14788 "POST /users/auth/logout/ HTTP/1.1" 200 16725
INFO 2023-01-03 22:10:30,703 basehttp 10924 14788 "GET /__debug__/history_sidebar/?store_id=43fc4aaf1a9a4e879197a99adc0c8170 HTTP/1.1" 200 9878
INFO 2023-01-03 22:10:35,817 basehttp 10924 14788 "GET /admin/authtoken/tokenproxy/ HTTP/1.1" 302 0
INFO 2023-01-03 22:10:35,889 basehttp 10924 14788 "GET /admin/login/?next=/admin/authtoken/tokenproxy/ HTTP/1.1" 200 11976
INFO 2023-01-03 22:10:37,715 basehttp 10924 14788 "POST /admin/login/?next=/admin/authtoken/tokenproxy/ HTTP/1.1" 302 0
INFO 2023-01-03 22:10:37,825 basehttp 10924 14788 "GET /admin/authtoken/tokenproxy/ HTTP/1.1" 200 16354
WARNING 2023-01-03 22:11:00,701 log 10924 14788 Method Not Allowed: /users/auth/login/
WARNING 2023-01-03 22:11:00,703 basehttp 10924 14788 "GET /users/auth/login/ HTTP/1.1" 405 17761
INFO 2023-01-03 22:11:17,267 basehttp 10924 14788 "POST /users/auth/login/ HTTP/1.1" 200 17325
INFO 2023-01-03 22:11:17,342 basehttp 10924 14788 "GET /static/debug_toolbar/css/toolbar.css HTTP/1.1" 304 0
INFO 2023-01-03 22:11:17,465 basehttp 10924 14788 "GET /static/debug_toolbar/js/toolbar.js HTTP/1.1" 304 0
INFO 2023-01-03 22:11:17,567 basehttp 10924 14788 "GET /static/debug_toolbar/css/print.css HTTP/1.1" 304 0
INFO 2023-01-03 22:11:17,578 basehttp 10924 14788 "GET /static/debug_toolbar/js/utils.js HTTP/1.1" 304 0
WARNING 2023-01-03 22:11:38,687 log 10924 14788 Method Not Allowed: /users/auth/logout/
WARNING 2023-01-03 22:11:38,688 basehttp 10924 14788 "GET /users/auth/logout/ HTTP/1.1" 405 16754
INFO 2023-01-03 22:11:41,196 basehttp 10924 14788 "POST /users/auth/logout/ HTTP/1.1" 200 16725
INFO 2023-01-03 22:11:41,493 basehttp 10924 14788 "GET /__debug__/history_sidebar/?store_id=d4ab4c997b044cdd929cbcfc80a87d23 HTTP/1.1" 200 9878
INFO 2023-01-03 22:11:48,009 basehttp 10924 14788 "GET /admin/authtoken/tokenproxy/ HTTP/1.1" 302 0
INFO 2023-01-03 22:11:48,082 basehttp 10924 14788 "GET /admin/login/?next=/admin/authtoken/tokenproxy/ HTTP/1.1" 200 11976
INFO 2023-01-03 22:11:48,142 basehttp 10924 14788 "GET /static/admin/css/base.css HTTP/1.1" 304 0
INFO 2023-01-03 22:11:48,148 basehttp 10924 12224 "GET /static/admin/css/dark_mode.css HTTP/1.1" 304 0
INFO 2023-01-03 22:11:48,149 basehttp 10924 4396 "GET /static/admin/css/login.css HTTP/1.1" 304 0
INFO 2023-01-03 22:11:48,153 basehttp 10924 14296 "GET /static/admin/css/nav_sidebar.css HTTP/1.1" 304 0
INFO 2023-01-03 22:11:48,155 basehttp 10924 14968 "GET /static/admin/css/responsive.css HTTP/1.1" 304 0
INFO 2023-01-03 22:11:48,317 basehttp 10924 14296 "GET /static/admin/js/nav_sidebar.js HTTP/1.1" 304 0
INFO 2023-01-03 22:11:48,319 basehttp 10924 4396 "GET /static/admin/css/fonts.css HTTP/1.1" 304 0
INFO 2023-01-03 22:11:48,519 basehttp 10924 4396 "GET /static/admin/fonts/Roboto-Regular-webfont.woff HTTP/1.1" 304 0
INFO 2023-01-03 22:11:48,538 basehttp 10924 14296 "GET /static/admin/fonts/Roboto-Light-webfont.woff HTTP/1.1" 304 0
INFO 2023-01-03 22:11:59,201 basehttp 10924 14296 "POST /admin/login/?next=/admin/authtoken/tokenproxy/ HTTP/1.1" 302 0
INFO 2023-01-03 22:11:59,336 basehttp 10924 14296 "GET /admin/authtoken/tokenproxy/ HTTP/1.1" 200 16355
INFO 2023-01-03 22:11:59,376 basehttp 10924 14296 "GET /static/admin/css/changelists.css HTTP/1.1" 304 0
INFO 2023-01-03 22:11:59,378 basehttp 10924 12224 "GET /static/admin/js/jquery.init.js HTTP/1.1" 304 0
INFO 2023-01-03 22:11:59,390 basehttp 10924 4396 "GET /static/admin/js/vendor/jquery/jquery.js HTTP/1.1" 304 0
INFO 2023-01-03 22:11:59,393 basehttp 10924 14788 "GET /static/admin/js/admin/RelatedObjectLookups.js HTTP/1.1" 304 0
INFO 2023-01-03 22:11:59,398 basehttp 10924 10288 "GET /static/admin/js/actions.js HTTP/1.1" 304 0
INFO 2023-01-03 22:11:59,399 basehttp 10924 14296 "GET /static/admin/js/urlify.js HTTP/1.1" 304 0
INFO 2023-01-03 22:11:59,399 basehttp 10924 14968 "GET /static/admin/js/core.js HTTP/1.1" 304 0
INFO 2023-01-03 22:11:59,403 basehttp 10924 4396 "GET /static/admin/js/vendor/xregexp/xregexp.js HTTP/1.1" 304 0
INFO 2023-01-03 22:11:59,409 basehttp 10924 12224 "GET /static/admin/js/prepopulate.js HTTP/1.1" 304 0
INFO 2023-01-03 22:11:59,619 basehttp 10924 12224 "GET /static/admin/js/filters.js HTTP/1.1" 304 0
INFO 2023-01-03 22:11:59,697 basehttp 10924 12224 "GET /static/admin/img/icon-addlink.svg HTTP/1.1" 304 0
INFO 2023-01-03 22:11:59,697 basehttp 10924 4396 "GET /static/admin/img/tooltag-add.svg HTTP/1.1" 304 0
INFO 2023-01-03 22:11:59,738 basehttp 10924 4396 "GET /static/admin/fonts/Roboto-Bold-webfont.woff HTTP/1.1" 304 0
INFO 2023-01-03 22:11:59,749 basehttp 10924 4396 "GET /static/admin/img/sorting-icons.svg HTTP/1.1" 304 0
INFO 2023-01-04 19:08:04,736 autoreload 6272 3584 Watching for file changes with StatReloader
WARNING 2023-01-04 19:08:36,676 log 6272 1836 Not Found: /
WARNING 2023-01-04 19:08:36,677 basehttp 6272 1836 "GET / HTTP/1.1" 404 12334
INFO 2023-01-04 19:08:36,705 basehttp 6272 1836 "GET /static/debug_toolbar/css/toolbar.css HTTP/1.1" 304 0
INFO 2023-01-04 19:08:36,719 basehttp 6272 1836 "GET /static/debug_toolbar/js/toolbar.js HTTP/1.1" 304 0
INFO 2023-01-04 19:08:36,871 basehttp 6272 1836 "GET /static/debug_toolbar/css/print.css HTTP/1.1" 304 0
INFO 2023-01-04 19:08:36,950 basehttp 6272 1836 "GET /static/debug_toolbar/js/utils.js HTTP/1.1" 304 0
WARNING 2023-01-04 19:08:37,242 log 6272 1836 Not Found: /favicon.ico
WARNING 2023-01-04 19:08:37,243 basehttp 6272 1836 "GET /favicon.ico HTTP/1.1" 404 12395
INFO 2023-01-04 19:08:49,219 basehttp 6272 1836 "GET /admin/ HTTP/1.1" 200 13939
INFO 2023-01-04 19:08:49,244 basehttp 6272 6956 "GET /static/admin/css/dark_mode.css HTTP/1.1" 304 0
INFO 2023-01-04 19:08:49,244 basehttp 6272 11024 "GET /static/admin/css/responsive.css HTTP/1.1" 304 0
INFO 2023-01-04 19:08:49,244 basehttp 6272 1836 "GET /static/admin/css/base.css HTTP/1.1" 304 0
INFO 2023-01-04 19:08:49,254 basehttp 6272 11024 "GET /static/admin/css/dashboard.css HTTP/1.1" 304 0
INFO 2023-01-04 19:08:49,255 basehttp 6272 6956 "GET /static/admin/css/nav_sidebar.css HTTP/1.1" 304 0
INFO 2023-01-04 19:08:49,364 basehttp 6272 6956 "GET /static/admin/js/nav_sidebar.js HTTP/1.1" 304 0
INFO 2023-01-04 19:08:49,375 basehttp 6272 6956 "GET /static/admin/css/fonts.css HTTP/1.1" 304 0
INFO 2023-01-04 19:08:49,408 basehttp 6272 11024 "GET /static/admin/img/icon-addlink.svg HTTP/1.1" 304 0
INFO 2023-01-04 19:08:49,408 basehttp 6272 6956 "GET /static/admin/img/icon-changelink.svg HTTP/1.1" 304 0
INFO 2023-01-04 19:08:49,503 basehttp 6272 6956 "GET /static/admin/fonts/Roboto-Bold-webfont.woff HTTP/1.1" 304 0
INFO 2023-01-04 19:08:49,504 basehttp 6272 11024 "GET /static/admin/fonts/Roboto-Regular-webfont.woff HTTP/1.1" 304 0
INFO 2023-01-04 19:08:49,509 basehttp 6272 1836 "GET /static/admin/fonts/Roboto-Light-webfont.woff HTTP/1.1" 304 0
INFO 2023-01-04 19:08:53,839 basehttp 6272 1836 "GET /admin/authtoken/tokenproxy/ HTTP/1.1" 200 16355
INFO 2023-01-04 19:08:53,863 basehttp 6272 1836 "GET /static/admin/css/changelists.css HTTP/1.1" 304 0
INFO 2023-01-04 19:08:53,864 basehttp 6272 6956 "GET /static/admin/js/jquery.init.js HTTP/1.1" 304 0
INFO 2023-01-04 19:08:53,865 basehttp 6272 1508 "GET /static/admin/js/admin/RelatedObjectLookups.js HTTP/1.1" 304 0
INFO 2023-01-04 19:08:53,866 basehttp 6272 11024 "GET /static/admin/js/vendor/jquery/jquery.js HTTP/1.1" 304 0
INFO 2023-01-04 19:08:53,882 basehttp 6272 1836 "GET /static/admin/js/urlify.js HTTP/1.1" 304 0
INFO 2023-01-04 19:08:53,883 basehttp 6272 6956 "GET /static/admin/js/actions.js HTTP/1.1" 304 0
INFO 2023-01-04 19:08:53,889 basehttp 6272 1508 "GET /static/admin/js/prepopulate.js HTTP/1.1" 304 0
INFO 2023-01-04 19:08:53,891 basehttp 6272 11024 "GET /static/admin/js/vendor/xregexp/xregexp.js HTTP/1.1" 304 0
INFO 2023-01-04 19:08:53,892 basehttp 6272 12204 "GET /static/admin/js/core.js HTTP/1.1" 304 0
INFO 2023-01-04 19:08:53,997 basehttp 6272 12204 "GET /static/admin/js/filters.js HTTP/1.1" 304 0
INFO 2023-01-04 19:08:54,100 basehttp 6272 12204 "GET /static/admin/img/tooltag-add.svg HTTP/1.1" 304 0
INFO 2023-01-04 19:08:54,115 basehttp 6272 12204 "GET /static/admin/img/sorting-icons.svg HTTP/1.1" 304 0
INFO 2023-01-04 19:08:57,775 basehttp 6272 12204 "GET /admin/authtoken/tokenproxy/2/change/ HTTP/1.1" 200 17111
INFO 2023-01-04 19:08:57,883 basehttp 6272 12204 "GET /admin/jsi18n/ HTTP/1.1" 200 3343
INFO 2023-01-04 19:08:57,912 basehttp 6272 11024 "GET /static/admin/css/forms.css HTTP/1.1" 200 8944
INFO 2023-01-04 19:08:57,919 basehttp 6272 12204 "GET /static/admin/js/prepopulate_init.js HTTP/1.1" 200 586
INFO 2023-01-04 19:08:57,929 basehttp 6272 11024 "GET /static/admin/img/icon-viewlink.svg HTTP/1.1" 200 581
INFO 2023-01-04 19:08:57,929 basehttp 6272 1508 "GET /static/admin/css/widgets.css HTTP/1.1" 200 11297
INFO 2023-01-04 19:08:57,968 basehttp 6272 11024 "GET /static/admin/js/change_form.js HTTP/1.1" 200 606
INFO 2023-01-04 19:08:59,886 basehttp 6272 11024 "GET /admin/authtoken/tokenproxy/2/delete/ HTTP/1.1" 200 15189
INFO 2023-01-04 19:08:59,934 basehttp 6272 11024 "GET /static/admin/js/cancel.js HTTP/1.1" 200 884
INFO 2023-01-04 19:09:02,528 basehttp 6272 11024 "POST /admin/authtoken/tokenproxy/2/delete/ HTTP/1.1" 302 0
INFO 2023-01-04 19:09:02,596 basehttp 6272 11024 "GET /admin/authtoken/tokenproxy/ HTTP/1.1" 200 16309
INFO 2023-01-04 19:09:02,746 basehttp 6272 11024 "GET /static/admin/img/icon-yes.svg HTTP/1.1" 200 436
WARNING 2023-01-04 19:09:07,598 log 6272 11024 Not Found: /
WARNING 2023-01-04 19:09:07,599 basehttp 6272 11024 "GET / HTTP/1.1" 404 12333
WARNING 2023-01-04 19:09:15,582 log 6272 11024 Method Not Allowed: /users/auth/login/
WARNING 2023-01-04 19:09:15,584 basehttp 6272 11024 "GET /users/auth/login/ HTTP/1.1" 405 17761
INFO 2023-01-04 19:09:15,614 basehttp 6272 11024 "GET /static/rest_framework/css/bootstrap.min.css HTTP/1.1" 304 0
INFO 2023-01-04 19:09:15,625 basehttp 6272 11024 "GET /static/rest_framework/css/bootstrap-tweaks.css HTTP/1.1" 304 0
INFO 2023-01-04 19:09:15,635 basehttp 6272 12204 "GET /static/rest_framework/css/default.css HTTP/1.1" 304 0
INFO 2023-01-04 19:09:15,636 basehttp 6272 6956 "GET /static/rest_framework/js/jquery-3.5.1.min.js HTTP/1.1" 304 0
INFO 2023-01-04 19:09:15,636 basehttp 6272 11024 "GET /static/rest_framework/js/bootstrap.min.js HTTP/1.1" 304 0
INFO 2023-01-04 19:09:15,636 basehttp 6272 14036 "GET /static/rest_framework/js/prettify-min.js HTTP/1.1" 304 0
INFO 2023-01-04 19:09:15,662 basehttp 6272 1508 "GET /static/rest_framework/css/prettify.css HTTP/1.1" 304 0
INFO 2023-01-04 19:09:15,668 basehttp 6272 12204 "GET /static/rest_framework/js/csrf.js HTTP/1.1" 304 0
INFO 2023-01-04 19:09:15,669 basehttp 6272 1836 "GET /static/rest_framework/js/ajax-form.js HTTP/1.1" 304 0
INFO 2023-01-04 19:09:15,670 basehttp 6272 6956 "GET /static/rest_framework/js/default.js HTTP/1.1" 304 0
INFO 2023-01-04 19:09:15,802 basehttp 6272 6956 "GET /static/rest_framework/img/grid.png HTTP/1.1" 304 0
INFO 2023-01-04 19:09:31,670 basehttp 6272 6956 "POST /users/auth/login/ HTTP/1.1" 200 17325
INFO 2023-01-04 19:09:46,701 basehttp 6272 6956 "GET /admin/authtoken/tokenproxy/ HTTP/1.1" 302 0
INFO 2023-01-04 19:09:46,821 basehttp 6272 6956 "GET /admin/login/?next=/admin/authtoken/tokenproxy/ HTTP/1.1" 200 12127
INFO 2023-01-04 19:09:46,855 basehttp 6272 6956 "GET /static/admin/css/login.css HTTP/1.1" 304 0
INFO 2023-01-04 19:09:49,358 basehttp 6272 6956 "POST /admin/login/?next=/admin/authtoken/tokenproxy/ HTTP/1.1" 302 0
INFO 2023-01-04 19:09:49,409 basehttp 6272 6956 "GET /admin/authtoken/tokenproxy/ HTTP/1.1" 200 16354
INFO 2023-01-04 19:34:35,372 autoreload 14612 15208 Watching for file changes with StatReloader
INFO 2023-01-04 19:34:46,549 basehttp 14612 7916 "GET /admin/authtoken/tokenproxy/ HTTP/1.1" 200 17485
INFO 2023-01-04 19:35:02,577 basehttp 14612 7916 "GET /admin/auth/user/ HTTP/1.1" 200 20221
INFO 2023-01-04 19:35:02,722 basehttp 14612 7916 "GET /admin/jsi18n/ HTTP/1.1" 200 3343
INFO 2023-01-04 19:35:02,964 basehttp 14612 7916 "GET /static/admin/img/search.svg HTTP/1.1" 200 458
INFO 2023-01-04 19:35:03,039 basehttp 14612 10088 "GET /static/admin/img/icon-no.svg HTTP/1.1" 200 560
INFO 2023-01-04 19:35:21,559 basehttp 14612 10088 "GET /admin/flight/flight/ HTTP/1.1" 200 16250
INFO 2023-01-04 19:35:21,724 basehttp 14612 10088 "GET /admin/jsi18n/ HTTP/1.1" 200 3343
INFO 2023-01-04 19:35:24,041 basehttp 14612 10088 "GET /admin/auth/user/ HTTP/1.1" 200 20220
INFO 2023-01-04 19:35:24,222 basehttp 14612 10088 "GET /admin/jsi18n/ HTTP/1.1" 200 3343
INFO 2023-01-04 19:35:39,204 basehttp 14612 10088 "GET /admin/flight/flight/ HTTP/1.1" 200 16250
INFO 2023-01-04 19:35:39,380 basehttp 14612 10088 "GET /admin/jsi18n/ HTTP/1.1" 200 3343
INFO 2023-01-04 19:35:43,868 basehttp 14612 10088 "GET /admin/flight/flight/add/ HTTP/1.1" 200 19550
INFO 2023-01-04 19:35:43,995 basehttp 14612 3340 "GET /static/admin/js/calendar.js HTTP/1.1" 200 8466
INFO 2023-01-04 19:35:44,011 basehttp 14612 7916 "GET /static/admin/js/admin/DateTimeShortcuts.js HTTP/1.1" 200 19379
INFO 2023-01-04 19:35:44,070 basehttp 14612 10088 "GET /admin/jsi18n/ HTTP/1.1" 200 3343
INFO 2023-01-04 19:35:44,515 basehttp 14612 10088 "GET /static/admin/img/icon-clock.svg HTTP/1.1" 200 677
INFO 2023-01-04 19:35:44,532 basehttp 14612 7916 "GET /static/admin/img/icon-calendar.svg HTTP/1.1" 200 1086
INFO 2023-01-04 19:37:32,324 basehttp 14612 7916 "POST /admin/flight/flight/add/ HTTP/1.1" 302 0
INFO 2023-01-04 19:37:32,447 basehttp 14612 7916 "GET /admin/flight/flight/ HTTP/1.1" 200 17647
INFO 2023-01-04 19:37:32,626 basehttp 14612 7916 "GET /admin/jsi18n/ HTTP/1.1" 200 3343
INFO 2023-01-04 19:37:49,192 basehttp 14612 7916 "GET /admin/flight/passenger/ HTTP/1.1" 200 16275
INFO 2023-01-04 19:37:49,401 basehttp 14612 7916 "GET /admin/jsi18n/ HTTP/1.1" 200 3343
INFO 2023-01-04 19:37:50,994 basehttp 14612 7916 "GET /admin/flight/passenger/add/ HTTP/1.1" 200 18384
INFO 2023-01-04 19:37:51,362 basehttp 14612 7916 "GET /admin/jsi18n/ HTTP/1.1" 200 3343
INFO 2023-01-04 19:38:27,245 basehttp 14612 7916 "POST /admin/flight/passenger/add/ HTTP/1.1" 302 0
INFO 2023-01-04 19:38:27,357 basehttp 14612 7916 "GET /admin/flight/passenger/ HTTP/1.1" 200 17660
INFO 2023-01-04 19:38:27,557 basehttp 14612 7916 "GET /admin/jsi18n/ HTTP/1.1" 200 3343
INFO 2023-01-04 19:38:40,549 basehttp 14612 7916 "GET /admin/flight/reservation/ HTTP/1.1" 200 16290
INFO 2023-01-04 19:38:40,702 basehttp 14612 7916 "GET /admin/jsi18n/ HTTP/1.1" 200 3343
INFO 2023-01-04 19:38:42,669 basehttp 14612 7916 "GET /admin/flight/reservation/add/ HTTP/1.1" 200 20801
INFO 2023-01-04 19:38:42,864 basehttp 14612 7916 "GET /admin/jsi18n/ HTTP/1.1" 200 3343
INFO 2023-01-04 19:38:43,079 basehttp 14612 7916 "GET /static/admin/img/icon-deletelink.svg HTTP/1.1" 200 392
INFO 2023-01-04 19:39:11,549 basehttp 14612 7916 "POST /admin/flight/reservation/add/ HTTP/1.1" 302 0
INFO 2023-01-04 19:39:11,716 basehttp 14612 7916 "GET /admin/flight/reservation/ HTTP/1.1" 200 17724
INFO 2023-01-04 19:39:11,892 basehttp 14612 7916 "GET /admin/jsi18n/ HTTP/1.1" 200 3343
INFO 2023-01-04 19:39:27,565 basehttp 14612 7916 "GET /admin/flight/reservation/1/change/ HTTP/1.1" 200 21147
INFO 2023-01-04 19:39:27,699 basehttp 14612 7916 "GET /admin/jsi18n/ HTTP/1.1" 200 3343
INFO 2023-01-04 19:39:52,521 basehttp 14612 7916 "GET /admin/flight/flight/ HTTP/1.1" 200 17424
INFO 2023-01-04 19:39:52,689 basehttp 14612 7916 "GET /admin/jsi18n/ HTTP/1.1" 200 3343
INFO 2023-01-04 19:39:54,828 basehttp 14612 7916 "GET /admin/flight/passenger/ HTTP/1.1" 200 17443
INFO 2023-01-04 19:39:54,994 basehttp 14612 7916 "GET /admin/jsi18n/ HTTP/1.1" 200 3343
INFO 2023-01-04 19:39:55,873 basehttp 14612 7916 "GET /admin/flight/reservation/ HTTP/1.1" 200 17484
INFO 2023-01-04 19:39:56,041 basehttp 14612 7916 "GET /admin/jsi18n/ HTTP/1.1" 200 3343
INFO 2023-01-04 19:40:20,666 basehttp 14612 7916 "GET /admin/flight/passenger/ HTTP/1.1" 200 17443
INFO 2023-01-04 19:40:20,801 basehttp 14612 7916 "GET /admin/jsi18n/ HTTP/1.1" 200 3343
INFO 2023-01-04 19:40:22,644 basehttp 14612 7916 "GET /admin/flight/passenger/add/ HTTP/1.1" 200 18384
INFO 2023-01-04 19:40:22,802 basehttp 14612 7916 "GET /admin/jsi18n/ HTTP/1.1" 200 3343
INFO 2023-01-04 19:40:26,106 basehttp 14612 7916 "GET /admin/flight/reservation/ HTTP/1.1" 200 17484
INFO 2023-01-04 19:40:26,242 basehttp 14612 7916 "GET /admin/jsi18n/ HTTP/1.1" 200 3343
INFO 2023-01-04 19:40:29,760 basehttp 14612 7916 "GET /admin/flight/reservation/add/ HTTP/1.1" 200 20800
INFO 2023-01-04 19:40:29,934 basehttp 14612 7916 "GET /admin/jsi18n/ HTTP/1.1" 200 3343
INFO 2023-01-04 19:52:54,595 autoreload 14612 15208 C:\Users\stefa\Documents\clarusway-FS-DE-03\django\projects\003_FlightReservationApp\main\urls.py changed, reloading.
INFO 2023-01-04 19:52:56,593 autoreload 6552 13908 Watching for file changes with StatReloader
INFO 2023-01-04 20:20:04,872 autoreload 2356 12728 Watching for file changes with StatReloader
WARNING 2023-01-04 20:20:12,159 log 2356 1872 Not Found: /
WARNING 2023-01-04 20:20:12,168 basehttp 2356 1872 "GET / HTTP/1.1" 404 12440
INFO 2023-01-04 20:20:26,371 basehttp 2356 1872 "GET /flight/ HTTP/1.1" 200 15008
INFO 2023-01-04 20:20:59,913 autoreload 2356 12728 C:\Users\stefa\Documents\clarusway-FS-DE-03\django\projects\003_FlightReservationApp\flight\urls.py changed, reloading.
INFO 2023-01-04 20:21:01,430 autoreload 9504 15332 Watching for file changes with StatReloader
INFO 2023-01-04 20:21:05,776 basehttp 9504 13468 "GET /flight/ HTTP/1.1" 200 15005
INFO 2023-01-04 20:21:27,776 basehttp 9504 13468 "GET /flight/flights/ HTTP/1.1" 200 20078
INFO 2023-01-04 20:21:47,023 basehttp 9504 13468 "GET /flight/ HTTP/1.1" 200 15005
INFO 2023-01-04 20:22:03,532 basehttp 9504 13468 "GET /flight/flights/ HTTP/1.1" 200 20077
INFO 2023-01-04 20:34:33,193 basehttp 9504 14944 "GET /flight/flights HTTP/1.1" 301 0
INFO 2023-01-04 20:34:33,281 basehttp 9504 14944 "GET /flight/flights/ HTTP/1.1" 200 161
ERROR 2023-01-04 20:35:20,666 log 9504 14944 Internal Server Error: /flight/flights
Traceback (most recent call last):
  File "C:\Users\stefa\Documents\clarusway-FS-DE-03\django\projects\003_FlightReservationApp\env\lib\site-packages\django\core\handlers\exception.py", line 55, in inner
    response = get_response(request)
  File "C:\Users\stefa\Documents\clarusway-FS-DE-03\django\projects\003_FlightReservationApp\env\lib\site-packages\django\utils\deprecation.py", line 135, in __call__
    response = self.process_request(request)
  File "C:\Users\stefa\Documents\clarusway-FS-DE-03\django\projects\003_FlightReservationApp\env\lib\site-packages\django\middleware\common.py", line 54, in process_request
    path = self.get_full_path_with_slash(request)
  File "C:\Users\stefa\Documents\clarusway-FS-DE-03\django\projects\003_FlightReservationApp\env\lib\site-packages\django\middleware\common.py", line 88, in get_full_path_with_slash
    raise RuntimeError(
RuntimeError: You called this URL via POST, but the URL doesn't end in a slash and you have APPEND_SLASH set. Django can't redirect to the slash URL while maintaining POST data. Change your form to point to localhost:8000/flight/flights/ (note the trailing slash), or set APPEND_SLASH=False in your Django settings.
ERROR 2023-01-04 20:35:20,682 basehttp 9504 14944 "POST /flight/flights HTTP/1.1" 500 72930
INFO 2023-01-04 20:35:28,423 basehttp 9504 9020 "GET /flight/flights HTTP/1.1" 301 0
INFO 2023-01-04 20:35:28,498 basehttp 9504 9020 "GET /flight/flights/ HTTP/1.1" 200 161
ERROR 2023-01-04 20:36:59,329 log 9504 9020 Internal Server Error: /flight/flights
Traceback (most recent call last):
  File "C:\Users\stefa\Documents\clarusway-FS-DE-03\django\projects\003_FlightReservationApp\env\lib\site-packages\django\core\handlers\exception.py", line 55, in inner
    response = get_response(request)
  File "C:\Users\stefa\Documents\clarusway-FS-DE-03\django\projects\003_FlightReservationApp\env\lib\site-packages\django\utils\deprecation.py", line 135, in __call__
    response = self.process_request(request)
  File "C:\Users\stefa\Documents\clarusway-FS-DE-03\django\projects\003_FlightReservationApp\env\lib\site-packages\django\middleware\common.py", line 54, in process_request
    path = self.get_full_path_with_slash(request)
  File "C:\Users\stefa\Documents\clarusway-FS-DE-03\django\projects\003_FlightReservationApp\env\lib\site-packages\django\middleware\common.py", line 88, in get_full_path_with_slash
    raise RuntimeError(
RuntimeError: You called this URL via POST, but the URL doesn't end in a slash and you have APPEND_SLASH set. Django can't redirect to the slash URL while maintaining POST data. Change your form to point to localhost:8000/flight/flights/ (note the trailing slash), or set APPEND_SLASH=False in your Django settings.
ERROR 2023-01-04 20:36:59,337 basehttp 9504 9020 "POST /flight/flights HTTP/1.1" 500 72938
INFO 2023-01-04 20:38:45,588 basehttp 9504 6344 "GET /admin/authtoken/tokenproxy/ HTTP/1.1" 200 17485
ERROR 2023-01-04 20:39:20,788 log 9504 12232 Internal Server Error: /flight/flights
Traceback (most recent call last):
  File "C:\Users\stefa\Documents\clarusway-FS-DE-03\django\projects\003_FlightReservationApp\env\lib\site-packages\django\core\handlers\exception.py", line 55, in inner
    response = get_response(request)
  File "C:\Users\stefa\Documents\clarusway-FS-DE-03\django\projects\003_FlightReservationApp\env\lib\site-packages\django\utils\deprecation.py", line 135, in __call__
    response = self.process_request(request)
  File "C:\Users\stefa\Documents\clarusway-FS-DE-03\django\projects\003_FlightReservationApp\env\lib\site-packages\django\middleware\common.py", line 54, in process_request
    path = self.get_full_path_with_slash(request)
  File "C:\Users\stefa\Documents\clarusway-FS-DE-03\django\projects\003_FlightReservationApp\env\lib\site-packages\django\middleware\common.py", line 88, in get_full_path_with_slash
    raise RuntimeError(
RuntimeError: You called this URL via POST, but the URL doesn't end in a slash and you have APPEND_SLASH set. Django can't redirect to the slash URL while maintaining POST data. Change your form to point to localhost:8000/flight/flights/ (note the trailing slash), or set APPEND_SLASH=False in your Django settings.
ERROR 2023-01-04 20:39:20,803 basehttp 9504 12232 "POST /flight/flights HTTP/1.1" 500 73112
INFO 2023-01-04 20:40:31,945 basehttp 9504 13144 "POST /flight/flights/ HTTP/1.1" 201 155
INFO 2023-01-04 21:24:37,807 autoreload 9504 15332 C:\Users\stefa\Documents\clarusway-FS-DE-03\django\projects\003_FlightReservationApp\flight\views.py changed, reloading.
INFO 2023-01-04 21:24:38,887 autoreload 1184 6552 Watching for file changes with StatReloader
ERROR 2023-01-04 21:27:00,636 log 1184 10836 Internal Server Error: /flight/flights/
Traceback (most recent call last):
  File "C:\Users\stefa\Documents\clarusway-FS-DE-03\django\projects\003_FlightReservationApp\env\lib\site-packages\django\core\handlers\exception.py", line 55, in inner
    response = get_response(request)
  File "C:\Users\stefa\Documents\clarusway-FS-DE-03\django\projects\003_FlightReservationApp\env\lib\site-packages\django\core\handlers\base.py", line 197, in _get_response
    response = wrapped_callback(request, *callback_args, **callback_kwargs)
  File "C:\Users\stefa\Documents\clarusway-FS-DE-03\django\projects\003_FlightReservationApp\env\lib\site-packages\django\views\decorators\csrf.py", line 54, in wrapped_view
    return view_func(*args, **kwargs)
  File "C:\Users\stefa\Documents\clarusway-FS-DE-03\django\projects\003_FlightReservationApp\env\lib\site-packages\rest_framework\viewsets.py", line 125, in view
    return self.dispatch(request, *args, **kwargs)
  File "C:\Users\stefa\Documents\clarusway-FS-DE-03\django\projects\003_FlightReservationApp\env\lib\site-packages\rest_framework\views.py", line 509, in dispatch
    response = self.handle_exception(exc)
  File "C:\Users\stefa\Documents\clarusway-FS-DE-03\django\projects\003_FlightReservationApp\env\lib\site-packages\rest_framework\views.py", line 469, in handle_exception
    self.raise_uncaught_exception(exc)
  File "C:\Users\stefa\Documents\clarusway-FS-DE-03\django\projects\003_FlightReservationApp\env\lib\site-packages\rest_framework\views.py", line 480, in raise_uncaught_exception
    raise exc
  File "C:\Users\stefa\Documents\clarusway-FS-DE-03\django\projects\003_FlightReservationApp\env\lib\site-packages\rest_framework\views.py", line 497, in dispatch
    self.initial(request, *args, **kwargs)
  File "C:\Users\stefa\Documents\clarusway-FS-DE-03\django\projects\003_FlightReservationApp\env\lib\site-packages\rest_framework\views.py", line 415, in initial
    self.check_permissions(request)
  File "C:\Users\stefa\Documents\clarusway-FS-DE-03\django\projects\003_FlightReservationApp\env\lib\site-packages\rest_framework\views.py", line 331, in check_permissions
    for permission in self.get_permissions():
  File "C:\Users\stefa\Documents\clarusway-FS-DE-03\django\projects\003_FlightReservationApp\env\lib\site-packages\rest_framework\views.py", line 278, in get_permissions
    return [permission() for permission in self.permission_classes]
TypeError: 'BasePermissionMetaclass' object is not iterable
ERROR 2023-01-04 21:27:00,747 basehttp 1184 10836 "POST /flight/flights/ HTTP/1.1" 500 113406
INFO 2023-01-04 21:27:58,049 autoreload 1184 6552 C:\Users\stefa\Documents\clarusway-FS-DE-03\django\projects\003_FlightReservationApp\flight\views.py changed, reloading.
INFO 2023-01-04 21:27:59,040 autoreload 976 4248 Watching for file changes with StatReloader
WARNING 2023-01-04 21:28:54,785 log 976 3888 Forbidden: /flight/flights/
WARNING 2023-01-04 21:28:54,789 basehttp 976 3888 "POST /flight/flights/ HTTP/1.1" 403 63
INFO 2023-01-04 21:29:31,750 basehttp 976 8120 "GET /admin/auth/user/ HTTP/1.1" 200 20221
INFO 2023-01-04 21:29:31,784 basehttp 976 8120 "GET /static/admin/css/base.css HTTP/1.1" 304 0
INFO 2023-01-04 21:29:31,794 basehttp 976 8120 "GET /static/admin/css/dark_mode.css HTTP/1.1" 304 0
INFO 2023-01-04 21:29:31,794 basehttp 976 5628 "GET /static/admin/css/nav_sidebar.css HTTP/1.1" 304 0
INFO 2023-01-04 21:29:31,795 basehttp 976 7844 "GET /static/admin/css/changelists.css HTTP/1.1" 304 0
INFO 2023-01-04 21:29:31,802 basehttp 976 8120 "GET /static/admin/css/responsive.css HTTP/1.1" 304 0
INFO 2023-01-04 21:29:31,802 basehttp 976 7844 "GET /static/admin/js/jquery.init.js HTTP/1.1" 304 0
INFO 2023-01-04 21:29:31,802 basehttp 976 5628 "GET /static/admin/js/vendor/jquery/jquery.js HTTP/1.1" 304 0
INFO 2023-01-04 21:29:31,813 basehttp 976 8120 "GET /static/admin/js/core.js HTTP/1.1" 304 0
INFO 2023-01-04 21:29:31,813 basehttp 976 7844 "GET /static/admin/js/admin/RelatedObjectLookups.js HTTP/1.1" 304 0
INFO 2023-01-04 21:29:31,813 basehttp 976 5628 "GET /static/admin/js/actions.js HTTP/1.1" 304 0
INFO 2023-01-04 21:29:31,822 basehttp 976 7844 "GET /static/admin/js/prepopulate.js HTTP/1.1" 304 0
INFO 2023-01-04 21:29:31,825 basehttp 976 5628 "GET /static/admin/js/vendor/xregexp/xregexp.js HTTP/1.1" 304 0
INFO 2023-01-04 21:29:31,828 basehttp 976 8120 "GET /static/admin/js/urlify.js HTTP/1.1" 304 0
INFO 2023-01-04 21:29:31,931 basehttp 976 7844 "GET /admin/jsi18n/ HTTP/1.1" 200 3343
INFO 2023-01-04 21:29:32,126 basehttp 976 7844 "GET /static/admin/css/fonts.css HTTP/1.1" 304 0
INFO 2023-01-04 21:29:32,187 basehttp 976 5628 "GET /static/admin/js/nav_sidebar.js HTTP/1.1" 304 0
INFO 2023-01-04 21:29:32,188 basehttp 976 7844 "GET /static/debug_toolbar/css/toolbar.css HTTP/1.1" 304 0
INFO 2023-01-04 21:29:32,277 basehttp 976 7844 "GET /static/admin/js/filters.js HTTP/1.1" 304 0
INFO 2023-01-04 21:29:32,277 basehttp 976 5628 "GET /static/admin/img/icon-yes.svg HTTP/1.1" 304 0
INFO 2023-01-04 21:29:32,278 basehttp 976 8120 "GET /static/debug_toolbar/js/toolbar.js HTTP/1.1" 304 0
INFO 2023-01-04 21:29:32,290 basehttp 976 8120 "GET /static/admin/img/icon-addlink.svg HTTP/1.1" 304 0
INFO 2023-01-04 21:29:32,347 basehttp 976 8120 "GET /static/admin/fonts/Roboto-Regular-webfont.woff HTTP/1.1" 304 0
INFO 2023-01-04 21:29:32,349 basehttp 976 7844 "GET /static/admin/fonts/Roboto-Light-webfont.woff HTTP/1.1" 304 0
INFO 2023-01-04 21:29:32,354 basehttp 976 8120 "GET /static/admin/fonts/Roboto-Bold-webfont.woff HTTP/1.1" 304 0
INFO 2023-01-04 21:29:32,369 basehttp 976 8120 "GET /static/admin/img/tooltag-add.svg HTTP/1.1" 304 0
INFO 2023-01-04 21:29:32,388 basehttp 976 8120 "GET /static/admin/img/sorting-icons.svg HTTP/1.1" 304 0
INFO 2023-01-04 21:29:32,439 basehttp 976 8120 "GET /static/debug_toolbar/css/print.css HTTP/1.1" 304 0
INFO 2023-01-04 21:29:32,622 basehttp 976 8120 "GET /static/debug_toolbar/js/utils.js HTTP/1.1" 304 0
INFO 2023-01-04 21:29:34,188 basehttp 976 8120 "GET /admin/auth/user/add/ HTTP/1.1" 200 18887
INFO 2023-01-04 21:29:34,271 basehttp 976 5628 "GET /static/admin/css/forms.css HTTP/1.1" 304 0
INFO 2023-01-04 21:29:34,271 basehttp 976 7844 "GET /static/admin/js/prepopulate_init.js HTTP/1.1" 304 0
INFO 2023-01-04 21:29:34,395 basehttp 976 8120 "GET /admin/jsi18n/ HTTP/1.1" 200 3343
INFO 2023-01-04 21:29:34,427 basehttp 976 8120 "GET /static/admin/css/widgets.css HTTP/1.1" 304 0
INFO 2023-01-04 21:29:34,435 basehttp 976 8120 "GET /static/admin/js/change_form.js HTTP/1.1" 304 0
INFO 2023-01-04 21:29:52,073 basehttp 976 8120 "POST /admin/auth/user/add/ HTTP/1.1" 302 0
INFO 2023-01-04 21:29:52,336 basehttp 976 8120 "GET /admin/auth/user/3/change/ HTTP/1.1" 200 28926
INFO 2023-01-04 21:29:52,482 basehttp 976 8120 "GET /admin/jsi18n/ HTTP/1.1" 200 3343
INFO 2023-01-04 21:29:52,554 basehttp 976 7844 "GET /static/admin/js/SelectFilter2.js HTTP/1.1" 200 11317
INFO 2023-01-04 21:29:52,582 basehttp 976 5628 "GET /static/admin/js/SelectBox.js HTTP/1.1" 200 4360
INFO 2023-01-04 21:29:53,081 basehttp 976 5628 "GET /static/admin/img/icon-unknown.svg HTTP/1.1" 200 655
INFO 2023-01-04 21:29:53,089 basehttp 976 7844 "GET /static/admin/img/icon-unknown-alt.svg HTTP/1.1" 200 655
INFO 2023-01-04 21:29:53,090 basehttp 976 8120 "GET /static/admin/img/selector-icons.svg HTTP/1.1" 200 3291
INFO 2023-01-04 21:30:33,856 basehttp 976 8120 "POST /admin/auth/user/3/change/ HTTP/1.1" 302 0
INFO 2023-01-04 21:30:34,000 basehttp 976 8120 "GET /admin/auth/user/ HTTP/1.1" 200 20797
INFO 2023-01-04 21:30:34,141 basehttp 976 8120 "GET /admin/jsi18n/ HTTP/1.1" 200 3343
INFO 2023-01-04 21:30:38,556 basehttp 976 8120 "GET /admin/auth/user/3/change/ HTTP/1.1" 200 28715
INFO 2023-01-04 21:30:38,712 basehttp 976 8120 "GET /admin/jsi18n/ HTTP/1.1" 200 3343
INFO 2023-01-04 21:30:56,911 basehttp 976 8120 "GET /admin/auth/user/ HTTP/1.1" 200 20604
INFO 2023-01-04 21:30:57,075 basehttp 976 8120 "GET /admin/jsi18n/ HTTP/1.1" 200 3343
INFO 2023-01-04 21:31:00,799 basehttp 976 8120 "GET /admin/auth/user/3/change/ HTTP/1.1" 200 28714
INFO 2023-01-04 21:31:00,918 basehttp 976 8120 "GET /admin/jsi18n/ HTTP/1.1" 200 3343
INFO 2023-01-04 21:31:37,585 basehttp 976 8120 "GET /admin/auth/user/ HTTP/1.1" 200 20604
INFO 2023-01-04 21:31:37,729 basehttp 976 8120 "GET /admin/jsi18n/ HTTP/1.1" 200 3343
INFO 2023-01-04 21:39:18,007 autoreload 976 4248 C:\Users\stefa\Documents\clarusway-FS-DE-03\django\projects\003_FlightReservationApp\flight\serializers.py changed, reloading.
INFO 2023-01-04 21:39:19,652 autoreload 15684 16156 Watching for file changes with StatReloader
INFO 2023-01-04 21:40:56,309 autoreload 15684 16156 C:\Users\stefa\Documents\clarusway-FS-DE-03\django\projects\003_FlightReservationApp\flight\views.py changed, reloading.
INFO 2023-01-04 21:40:57,317 autoreload 16196 15960 Watching for file changes with StatReloader
INFO 2023-01-04 21:43:13,448 autoreload 16196 15960 C:\Users\stefa\Documents\clarusway-FS-DE-03\django\projects\003_FlightReservationApp\flight\urls.py changed, reloading.
INFO 2023-01-04 21:43:14,381 autoreload 10636 15440 Watching for file changes with StatReloader
INFO 2023-01-04 21:44:53,179 basehttp 10636 4012 "GET /flight/reservations/ HTTP/1.1" 200 46
INFO 2023-01-04 21:46:44,705 autoreload 10636 15440 C:\Users\stefa\Documents\clarusway-FS-DE-03\django\projects\003_FlightReservationApp\flight\serializers.py changed, reloading.
INFO 2023-01-04 21:46:46,645 autoreload 15420 9464 Watching for file changes with StatReloader
INFO 2023-01-04 21:46:52,986 basehttp 15420 5052 "GET /flight/reservations/ HTTP/1.1" 200 84
INFO 2023-01-04 21:49:08,546 autoreload 15420 9464 C:\Users\stefa\Documents\clarusway-FS-DE-03\django\projects\003_FlightReservationApp\flight\serializers.py changed, reloading.
INFO 2023-01-04 21:49:11,299 autoreload 2188 16224 Watching for file changes with StatReloader
INFO 2023-01-04 21:50:04,022 autoreload 2188 16224 C:\Users\stefa\Documents\clarusway-FS-DE-03\django\projects\003_FlightReservationApp\flight\serializers.py changed, reloading.
INFO 2023-01-04 21:50:06,638 autoreload 15664 9176 Watching for file changes with StatReloader
ERROR 2023-01-04 21:50:38,762 log 15664 6748 Internal Server Error: /flight/reservations/
Traceback (most recent call last):
  File "C:\Users\stefa\Documents\clarusway-FS-DE-03\django\projects\003_FlightReservationApp\env\lib\site-packages\rest_framework\fields.py", line 446, in get_attribute
    return get_attribute(instance, self.source_attrs)
  File "C:\Users\stefa\Documents\clarusway-FS-DE-03\django\projects\003_FlightReservationApp\env\lib\site-packages\rest_framework\fields.py", line 96, in get_attribute
    instance = getattr(instance, attr)
AttributeError: 'Reservation' object has no attribute 'passengers'

During handling of the above exception, another exception occurred:

Traceback (most recent call last):
  File "C:\Users\stefa\Documents\clarusway-FS-DE-03\django\projects\003_FlightReservationApp\env\lib\site-packages\django\core\handlers\exception.py", line 55, in inner
    response = get_response(request)
  File "C:\Users\stefa\Documents\clarusway-FS-DE-03\django\projects\003_FlightReservationApp\env\lib\site-packages\django\core\handlers\base.py", line 197, in _get_response
    response = wrapped_callback(request, *callback_args, **callback_kwargs)
  File "C:\Users\stefa\Documents\clarusway-FS-DE-03\django\projects\003_FlightReservationApp\env\lib\site-packages\django\views\decorators\csrf.py", line 54, in wrapped_view
    return view_func(*args, **kwargs)
  File "C:\Users\stefa\Documents\clarusway-FS-DE-03\django\projects\003_FlightReservationApp\env\lib\site-packages\rest_framework\viewsets.py", line 125, in view
    return self.dispatch(request, *args, **kwargs)
  File "C:\Users\stefa\Documents\clarusway-FS-DE-03\django\projects\003_FlightReservationApp\env\lib\site-packages\rest_framework\views.py", line 509, in dispatch
    response = self.handle_exception(exc)
  File "C:\Users\stefa\Documents\clarusway-FS-DE-03\django\projects\003_FlightReservationApp\env\lib\site-packages\rest_framework\views.py", line 469, in handle_exception
    self.raise_uncaught_exception(exc)
  File "C:\Users\stefa\Documents\clarusway-FS-DE-03\django\projects\003_FlightReservationApp\env\lib\site-packages\rest_framework\views.py", line 480, in raise_uncaught_exception
    raise exc
  File "C:\Users\stefa\Documents\clarusway-FS-DE-03\django\projects\003_FlightReservationApp\env\lib\site-packages\rest_framework\views.py", line 506, in dispatch
    response = handler(request, *args, **kwargs)
  File "C:\Users\stefa\Documents\clarusway-FS-DE-03\django\projects\003_FlightReservationApp\env\lib\site-packages\rest_framework\mixins.py", line 46, in list
    return Response(serializer.data)
  File "C:\Users\stefa\Documents\clarusway-FS-DE-03\django\projects\003_FlightReservationApp\env\lib\site-packages\rest_framework\serializers.py", line 768, in data
    ret = super().data
  File "C:\Users\stefa\Documents\clarusway-FS-DE-03\django\projects\003_FlightReservationApp\env\lib\site-packages\rest_framework\serializers.py", line 253, in data
    self._data = self.to_representation(self.instance)
  File "C:\Users\stefa\Documents\clarusway-FS-DE-03\django\projects\003_FlightReservationApp\env\lib\site-packages\rest_framework\serializers.py", line 686, in to_representation
    return [
  File "C:\Users\stefa\Documents\clarusway-FS-DE-03\django\projects\003_FlightReservationApp\env\lib\site-packages\rest_framework\serializers.py", line 687, in <listcomp>
    self.child.to_representation(item) for item in iterable
  File "C:\Users\stefa\Documents\clarusway-FS-DE-03\django\projects\003_FlightReservationApp\env\lib\site-packages\rest_framework\serializers.py", line 509, in to_representation
    attribute = field.get_attribute(instance)
  File "C:\Users\stefa\Documents\clarusway-FS-DE-03\django\projects\003_FlightReservationApp\env\lib\site-packages\rest_framework\fields.py", line 479, in get_attribute
    raise type(exc)(msg)
AttributeError: Got AttributeError when attempting to get a value for field `passengers` on serializer `ReservationSerializer`.
The serializer field might be named incorrectly and not match any attribute or key on the `Reservation` instance.
Original exception text was: 'Reservation' object has no attribute 'passengers'.
ERROR 2023-01-04 21:50:38,970 basehttp 15664 6748 "GET /flight/reservations/ HTTP/1.1" 500 148431
INFO 2023-01-04 21:51:49,205 autoreload 15664 9176 C:\Users\stefa\Documents\clarusway-FS-DE-03\django\projects\003_FlightReservationApp\flight\serializers.py changed, reloading.
INFO 2023-01-04 21:51:52,429 autoreload 15984 2584 Watching for file changes with StatReloader
INFO 2023-01-04 21:52:04,933 autoreload 15924 412 Watching for file changes with StatReloader
INFO 2023-01-04 21:52:09,180 basehttp 15924 15364 "GET /flight/reservations/ HTTP/1.1" 200 237
INFO 2023-01-04 21:56:15,009 basehttp 15924 7072 "GET /admin/flight/reservation/ HTTP/1.1" 200 17485
INFO 2023-01-04 21:56:15,170 basehttp 15924 7072 "GET /admin/jsi18n/ HTTP/1.1" 200 3343
INFO 2023-01-04 21:56:18,605 basehttp 15924 7072 "GET /admin/flight/reservation/1/change/ HTTP/1.1" 200 21241
INFO 2023-01-04 21:56:18,860 basehttp 15924 12036 "GET /static/admin/img/icon-changelink.svg HTTP/1.1" 304 0
INFO 2023-01-04 21:56:18,884 basehttp 15924 12036 "GET /static/admin/img/icon-deletelink.svg HTTP/1.1" 304 0
INFO 2023-01-04 21:56:18,894 basehttp 15924 12036 "GET /static/admin/img/icon-viewlink.svg HTTP/1.1" 304 0
INFO 2023-01-04 21:56:18,962 basehttp 15924 7072 "GET /admin/jsi18n/ HTTP/1.1" 200 3343
INFO 2023-01-04 21:56:34,105 basehttp 15924 7072 "GET /admin/flight/reservation/ HTTP/1.1" 200 17484
INFO 2023-01-04 21:56:34,228 basehttp 15924 7072 "GET /admin/jsi18n/ HTTP/1.1" 200 3343
INFO 2023-01-04 21:56:35,767 basehttp 15924 7072 "GET /admin/flight/reservation/add/ HTTP/1.1" 200 20895
INFO 2023-01-04 21:56:35,924 basehttp 15924 7072 "GET /admin/jsi18n/ HTTP/1.1" 200 3343
INFO 2023-01-04 21:56:47,567 basehttp 15924 7072 "POST /admin/flight/reservation/add/ HTTP/1.1" 302 0
INFO 2023-01-04 21:56:47,725 basehttp 15924 7072 "GET /admin/flight/reservation/ HTTP/1.1" 200 17960
INFO 2023-01-04 21:56:47,917 basehttp 15924 7072 "GET /admin/jsi18n/ HTTP/1.1" 200 3343
INFO 2023-01-04 22:00:26,464 autoreload 15924 412 C:\Users\stefa\Documents\clarusway-FS-DE-03\django\projects\003_FlightReservationApp\flight\serializers.py changed, reloading.
INFO 2023-01-04 22:00:29,764 autoreload 16336 8468 Watching for file changes with StatReloader
INFO 2023-01-04 22:02:01,279 autoreload 16336 8468 C:\Users\stefa\Documents\clarusway-FS-DE-03\django\projects\003_FlightReservationApp\flight\views.py changed, reloading.
INFO 2023-01-04 22:02:02,628 autoreload 4868 15524 Watching for file changes with StatReloader
INFO 2023-01-04 22:02:45,594 basehttp 4868 13744 "GET /admin/authtoken/tokenproxy/ HTTP/1.1" 200 17485
INFO 2023-01-04 22:02:59,059 basehttp 4868 13744 "GET /admin/flight/reservation/ HTTP/1.1" 200 17724
INFO 2023-01-04 22:02:59,248 basehttp 4868 13744 "GET /admin/jsi18n/ HTTP/1.1" 200 3343
INFO 2023-01-04 22:03:23,613 basehttp 4868 15912 "GET /flight/reservations/ HTTP/1.1" 200 237
INFO 2023-01-04 22:03:38,602 autoreload 4868 15524 C:\Users\stefa\Documents\clarusway-FS-DE-03\django\projects\003_FlightReservationApp\flight\views.py changed, reloading.
INFO 2023-01-04 22:03:40,649 autoreload 13396 16144 Watching for file changes with StatReloader
INFO 2023-01-04 22:03:46,395 basehttp 13396 4288 "GET /flight/reservations/ HTTP/1.1" 200 469
INFO 2023-01-04 22:04:03,049 autoreload 13396 16144 C:\Users\stefa\Documents\clarusway-FS-DE-03\django\projects\003_FlightReservationApp\flight\views.py changed, reloading.
INFO 2023-01-04 22:04:04,727 autoreload 15908 14228 Watching for file changes with StatReloader
INFO 2023-01-04 22:04:16,970 basehttp 15908 6196 "GET /flight/reservations/ HTTP/1.1" 200 237
INFO 2023-01-05 00:21:09,895 autoreload 15908 14228 C:\Users\stefa\Documents\clarusway-FS-DE-03\django\projects\003_FlightReservationApp\flight\serializers.py changed, reloading.
INFO 2023-01-05 00:21:11,101 autoreload 2616 1420 Watching for file changes with StatReloader
INFO 2023-01-05 00:21:14,168 autoreload 2616 1420 C:\Users\stefa\Documents\clarusway-FS-DE-03\django\projects\003_FlightReservationApp\flight\serializers.py changed, reloading.
INFO 2023-01-05 00:21:15,025 autoreload 5300 13732 Watching for file changes with StatReloader
INFO 2023-01-05 00:21:55,242 basehttp 5300 8076 "GET /flight/reservations/ HTTP/1.1" 200 237
INFO 2023-01-05 00:23:42,257 autoreload 5300 13732 C:\Users\stefa\Documents\clarusway-FS-DE-03\django\projects\003_FlightReservationApp\flight\serializers.py changed, reloading.
INFO 2023-01-05 00:23:43,569 autoreload 11284 4028 Watching for file changes with StatReloader
ERROR 2023-01-05 00:23:47,363 log 11284 2676 Internal Server Error: /flight/reservations/
Traceback (most recent call last):
  File "C:\Users\stefa\Documents\clarusway-FS-DE-03\django\projects\003_FlightReservationApp\env\lib\site-packages\django\core\handlers\exception.py", line 55, in inner
    response = get_response(request)
  File "C:\Users\stefa\Documents\clarusway-FS-DE-03\django\projects\003_FlightReservationApp\env\lib\site-packages\django\core\handlers\base.py", line 197, in _get_response
    response = wrapped_callback(request, *callback_args, **callback_kwargs)
  File "C:\Users\stefa\Documents\clarusway-FS-DE-03\django\projects\003_FlightReservationApp\env\lib\site-packages\django\views\decorators\csrf.py", line 54, in wrapped_view
    return view_func(*args, **kwargs)
  File "C:\Users\stefa\Documents\clarusway-FS-DE-03\django\projects\003_FlightReservationApp\env\lib\site-packages\rest_framework\viewsets.py", line 125, in view
    return self.dispatch(request, *args, **kwargs)
  File "C:\Users\stefa\Documents\clarusway-FS-DE-03\django\projects\003_FlightReservationApp\env\lib\site-packages\rest_framework\views.py", line 509, in dispatch
    response = self.handle_exception(exc)
  File "C:\Users\stefa\Documents\clarusway-FS-DE-03\django\projects\003_FlightReservationApp\env\lib\site-packages\rest_framework\views.py", line 469, in handle_exception
    self.raise_uncaught_exception(exc)
  File "C:\Users\stefa\Documents\clarusway-FS-DE-03\django\projects\003_FlightReservationApp\env\lib\site-packages\rest_framework\views.py", line 480, in raise_uncaught_exception
    raise exc
  File "C:\Users\stefa\Documents\clarusway-FS-DE-03\django\projects\003_FlightReservationApp\env\lib\site-packages\rest_framework\views.py", line 506, in dispatch
    response = handler(request, *args, **kwargs)
  File "C:\Users\stefa\Documents\clarusway-FS-DE-03\django\projects\003_FlightReservationApp\env\lib\site-packages\rest_framework\mixins.py", line 46, in list
    return Response(serializer.data)
  File "C:\Users\stefa\Documents\clarusway-FS-DE-03\django\projects\003_FlightReservationApp\env\lib\site-packages\rest_framework\serializers.py", line 768, in data
    ret = super().data
  File "C:\Users\stefa\Documents\clarusway-FS-DE-03\django\projects\003_FlightReservationApp\env\lib\site-packages\rest_framework\serializers.py", line 253, in data
    self._data = self.to_representation(self.instance)
  File "C:\Users\stefa\Documents\clarusway-FS-DE-03\django\projects\003_FlightReservationApp\env\lib\site-packages\rest_framework\serializers.py", line 686, in to_representation
    return [
  File "C:\Users\stefa\Documents\clarusway-FS-DE-03\django\projects\003_FlightReservationApp\env\lib\site-packages\rest_framework\serializers.py", line 687, in <listcomp>
    self.child.to_representation(item) for item in iterable
  File "C:\Users\stefa\Documents\clarusway-FS-DE-03\django\projects\003_FlightReservationApp\env\lib\site-packages\rest_framework\serializers.py", line 507, in to_representation
    for field in fields:
  File "C:\Users\stefa\Documents\clarusway-FS-DE-03\django\projects\003_FlightReservationApp\env\lib\site-packages\rest_framework\serializers.py", line 368, in _readable_fields
    for field in self.fields.values():
  File "C:\Users\stefa\Documents\clarusway-FS-DE-03\django\projects\003_FlightReservationApp\env\lib\site-packages\django\utils\functional.py", line 57, in __get__
    res = instance.__dict__[self.name] = self.func(instance)
  File "C:\Users\stefa\Documents\clarusway-FS-DE-03\django\projects\003_FlightReservationApp\env\lib\site-packages\rest_framework\serializers.py", line 356, in fields
    for key, value in self.get_fields().items():
  File "C:\Users\stefa\Documents\clarusway-FS-DE-03\django\projects\003_FlightReservationApp\env\lib\site-packages\rest_framework\serializers.py", line 1052, in get_fields
    field_names = self.get_field_names(declared_fields, info)
  File "C:\Users\stefa\Documents\clarusway-FS-DE-03\django\projects\003_FlightReservationApp\env\lib\site-packages\rest_framework\serializers.py", line 1148, in get_field_names
    assert field_name in fields, (
AssertionError: The field 'flight' was declared on serializer ReservationSerializer, but has not been included in the 'fields' option.
ERROR 2023-01-05 00:23:47,479 basehttp 11284 2676 "GET /flight/reservations/ HTTP/1.1" 500 155159
INFO 2023-01-05 00:24:28,466 autoreload 11284 4028 C:\Users\stefa\Documents\clarusway-FS-DE-03\django\projects\003_FlightReservationApp\flight\serializers.py changed, reloading.
INFO 2023-01-05 00:24:29,570 autoreload 5452 12816 Watching for file changes with StatReloader
INFO 2023-01-05 00:24:32,590 basehttp 5452 15332 "GET /flight/reservations/ HTTP/1.1" 200 237
INFO 2023-01-05 00:27:39,758 autoreload 5452 12816 C:\Users\stefa\Documents\clarusway-FS-DE-03\django\projects\003_FlightReservationApp\flight\serializers.py changed, reloading.
INFO 2023-01-05 00:27:40,595 autoreload 3412 5104 Watching for file changes with StatReloader
INFO 2023-01-05 00:27:47,148 basehttp 3412 2740 "GET /flight/reservations/ HTTP/1.1" 200 237
INFO 2023-01-05 00:29:42,903 autoreload 3412 5104 C:\Users\stefa\Documents\clarusway-FS-DE-03\django\projects\003_FlightReservationApp\flight\serializers.py changed, reloading.
INFO 2023-01-05 00:29:43,781 autoreload 10472 4116 Watching for file changes with StatReloader
INFO 2023-01-05 00:29:54,505 autoreload 10472 4116 C:\Users\stefa\Documents\clarusway-FS-DE-03\django\projects\003_FlightReservationApp\flight\serializers.py changed, reloading.
INFO 2023-01-05 00:29:55,281 autoreload 5324 448 Watching for file changes with StatReloader
INFO 2023-01-05 00:34:04,151 autoreload 5324 448 C:\Users\stefa\Documents\clarusway-FS-DE-03\django\projects\003_FlightReservationApp\flight\views.py changed, reloading.
INFO 2023-01-05 00:34:05,270 autoreload 14312 16256 Watching for file changes with StatReloader
INFO 2023-01-05 00:34:15,819 autoreload 14312 16256 C:\Users\stefa\Documents\clarusway-FS-DE-03\django\projects\003_FlightReservationApp\flight\views.py changed, reloading.
INFO 2023-01-05 00:34:16,845 autoreload 12732 14824 Watching for file changes with StatReloader
INFO 2023-01-05 00:37:03,348 autoreload 12732 14824 C:\Users\stefa\Documents\clarusway-FS-DE-03\django\projects\003_FlightReservationApp\flight\views.py changed, reloading.
INFO 2023-01-05 00:37:04,625 autoreload 10512 9176 Watching for file changes with StatReloader
